[17:27:11.456] Global cache location '/Users/petermelint/Library/Caches/typescript/4.7', safe file path '/users/petermelint/.asdf/installs/nodejs/16.11.0/.npm/lib/node_modules/typescript/lib/typingsafelist.json', types map path /users/petermelint/.asdf/installs/nodejs/16.11.0/.npm/lib/node_modules/typescript/lib/typesmap.json
[17:27:11.457] Processing cache location '/Users/petermelint/Library/Caches/typescript/4.7'
[17:27:11.457] Trying to find '/Users/petermelint/Library/Caches/typescript/4.7/package.json'...
[17:27:11.457] Loaded content of '/Users/petermelint/Library/Caches/typescript/4.7/package.json': {"private":true,"dependencies":{"types-registry":"^0.1.603"},"devDependencies":{"@types/atob":"^2.1.2","@types/chai":"^4.3.1","@types/conventional-changelog":"^3.1.1","@types/eslint":"^8.4.5","@types/jws":"^3.2.4","@types/lodash.includes":"^4.3.7","@types/lodash.isboolean":"^3.0.7","@types/lodash.isinteger":"^4.0.7","@types/lodash.isnumber":"^3.0.7","@types/lodash.isplainobject":"^4.0.7","@types/lodash.isstring":"^4.0.7","@types/lodash.once":"^4.1.7","@types/mocha":"^9.1.1","@types/ms":"^0.7.31","@types/semver":"^7.3.10","@types/sinon":"^10.0.13"}}
[17:27:11.457] Loaded content of '/Users/petermelint/Library/Caches/typescript/4.7/package-lock.json'
[17:27:11.464] Adding entry into typings cache: 'atob' => '/Users/petermelint/Library/Caches/typescript/4.7/node_modules/@types/atob/index.d.ts'
[17:27:11.466] Adding entry into typings cache: 'chai' => '/Users/petermelint/Library/Caches/typescript/4.7/node_modules/@types/chai/index.d.ts'
[17:27:11.466] Adding entry into typings cache: 'conventional-changelog' => '/Users/petermelint/Library/Caches/typescript/4.7/node_modules/@types/conventional-changelog/index.d.ts'
[17:27:11.467] Adding entry into typings cache: 'eslint' => '/Users/petermelint/Library/Caches/typescript/4.7/node_modules/@types/eslint/index.d.ts'
[17:27:11.468] Adding entry into typings cache: 'jws' => '/Users/petermelint/Library/Caches/typescript/4.7/node_modules/@types/jws/index.d.ts'
[17:27:11.469] Adding entry into typings cache: 'lodash.includes' => '/Users/petermelint/Library/Caches/typescript/4.7/node_modules/@types/lodash.includes/index.d.ts'
[17:27:11.470] Adding entry into typings cache: 'lodash.isboolean' => '/Users/petermelint/Library/Caches/typescript/4.7/node_modules/@types/lodash.isboolean/index.d.ts'
[17:27:11.470] Adding entry into typings cache: 'lodash.isinteger' => '/Users/petermelint/Library/Caches/typescript/4.7/node_modules/@types/lodash.isinteger/index.d.ts'
[17:27:11.472] Adding entry into typings cache: 'lodash.isnumber' => '/Users/petermelint/Library/Caches/typescript/4.7/node_modules/@types/lodash.isnumber/index.d.ts'
[17:27:11.472] Adding entry into typings cache: 'lodash.isplainobject' => '/Users/petermelint/Library/Caches/typescript/4.7/node_modules/@types/lodash.isplainobject/index.d.ts'
[17:27:11.473] Adding entry into typings cache: 'lodash.isstring' => '/Users/petermelint/Library/Caches/typescript/4.7/node_modules/@types/lodash.isstring/index.d.ts'
[17:27:11.474] Adding entry into typings cache: 'lodash.once' => '/Users/petermelint/Library/Caches/typescript/4.7/node_modules/@types/lodash.once/index.d.ts'
[17:27:11.475] Adding entry into typings cache: 'mocha' => '/Users/petermelint/Library/Caches/typescript/4.7/node_modules/@types/mocha/index.d.ts'
[17:27:11.475] Adding entry into typings cache: 'ms' => '/Users/petermelint/Library/Caches/typescript/4.7/node_modules/@types/ms/index.d.ts'
[17:27:11.477] Adding entry into typings cache: 'semver' => '/Users/petermelint/Library/Caches/typescript/4.7/node_modules/@types/semver/index.d.ts'
[17:27:11.478] Adding entry into typings cache: 'sinon' => '/Users/petermelint/Library/Caches/typescript/4.7/node_modules/@types/sinon/index.d.ts'
[17:27:11.478] Finished processing cache location '/Users/petermelint/Library/Caches/typescript/4.7'
[17:27:11.478] Process id: 81881
[17:27:11.478] NPM location: /Users/petermelint/.asdf/installs/nodejs/16.11.0/bin/npm (explicit '--npmLocation' not  provided)
[17:27:11.478] validateDefaultNpmLocation: false
[17:27:11.478] Npm config file: /Users/petermelint/Library/Caches/typescript/4.7/package.json
[17:27:11.478] Updating types-registry npm package...
[17:27:11.478] Exec: /Users/petermelint/.asdf/installs/nodejs/16.11.0/bin/npm install --ignore-scripts types-registry@latest
[17:27:12.250]     Succeeded. stdout:
    
    up to date, audited 29 packages in 645ms

found 0 vulnerabilities

[17:27:12.250] Updated types-registry npm package
[17:27:12.273] Got install request {"projectName":"/dev/null/inferredProject1*","fileNames":["/Users/petermelint/.asdf/installs/nodejs/16.11.0/.npm/lib/node_modules/typescript/lib/lib.es5.d.ts","/Users/petermelint/.asdf/installs/nodejs/16.11.0/.npm/lib/node_modules/typescript/lib/lib.es2015.d.ts","/Users/petermelint/.asdf/installs/nodejs/16.11.0/.npm/lib/node_modules/typescript/lib/lib.es2016.d.ts","/Users/petermelint/.asdf/installs/nodejs/16.11.0/.npm/lib/node_modules/typescript/lib/lib.dom.d.ts","/Users/petermelint/.asdf/installs/nodejs/16.11.0/.npm/lib/node_modules/typescript/lib/lib.dom.iterable.d.ts","/Users/petermelint/.asdf/installs/nodejs/16.11.0/.npm/lib/node_modules/typescript/lib/lib.webworker.importscripts.d.ts","/Users/petermelint/.asdf/installs/nodejs/16.11.0/.npm/lib/node_modules/typescript/lib/lib.scripthost.d.ts","/Users/petermelint/.asdf/installs/nodejs/16.11.0/.npm/lib/node_modules/typescript/lib/lib.es2015.core.d.ts","/Users/petermelint/.asdf/installs/nodejs/16.11.0/.npm/lib/node_modules/typescript/lib/lib.es2015.collection.d.ts","/Users/petermelint/.asdf/installs/nodejs/16.11.0/.npm/lib/node_modules/typescript/lib/lib.es2015.generator.d.ts","/Users/petermelint/.asdf/installs/nodejs/16.11.0/.npm/lib/node_modules/typescript/lib/lib.es2015.iterable.d.ts","/Users/petermelint/.asdf/installs/nodejs/16.11.0/.npm/lib/node_modules/typescript/lib/lib.es2015.promise.d.ts","/Users/petermelint/.asdf/installs/nodejs/16.11.0/.npm/lib/node_modules/typescript/lib/lib.es2015.proxy.d.ts","/Users/petermelint/.asdf/installs/nodejs/16.11.0/.npm/lib/node_modules/typescript/lib/lib.es2015.reflect.d.ts","/Users/petermelint/.asdf/installs/nodejs/16.11.0/.npm/lib/node_modules/typescript/lib/lib.es2015.symbol.d.ts","/Users/petermelint/.asdf/installs/nodejs/16.11.0/.npm/lib/node_modules/typescript/lib/lib.es2015.symbol.wellknown.d.ts","/Users/petermelint/.asdf/installs/nodejs/16.11.0/.npm/lib/node_modules/typescript/lib/lib.es2016.array.include.d.ts","/Users/petermelint/.asdf/installs/nodejs/16.11.0/.npm/lib/node_modules/typescript/lib/lib.es2016.full.d.ts","/Users/petermelint/Repositories/private/phoenix-on-uberspace/assets/vendor/topbar.js","/Users/petermelint/Repositories/private/phoenix-on-uberspace/assets/js/app.js"],"compilerOptions":{"module":1,"target":3,"jsx":1,"allowJs":true,"allowSyntheticDefaultImports":true,"allowNonTsExtensions":true,"noEmitForJsFiles":true,"maxNodeModuleJsDepth":2},"typeAcquisition":{"enable":true,"include":[],"exclude":[]},"unresolvedImports":["phoenix","phoenix_html","phoenix_live_view"],"projectRootPath":"/Users/petermelint/Repositories/private/phoenix-on-uberspace/assets/js","kind":"discover"}
[17:27:12.280] Loaded safelist from types map file '/users/petermelint/.asdf/installs/nodejs/16.11.0/.npm/lib/node_modules/typescript/lib/typesmap.json'
[17:27:12.281] Explicitly included types: []
[17:27:12.281] Inferred typings from unresolved imports: ["phoenix","phoenix_html","phoenix_live_view"]
[17:27:12.281] Result: {"cachedTypingPaths":[],"newTypingNames":["phoenix","phoenix_html","phoenix_live_view"],"filesToWatch":["/Users/petermelint/Repositories/private/phoenix-on-uberspace/assets/vendor/bower_components","/Users/petermelint/Repositories/private/phoenix-on-uberspace/assets/vendor/node_modules","/Users/petermelint/Repositories/private/phoenix-on-uberspace/assets/js/bower_components","/Users/petermelint/Repositories/private/phoenix-on-uberspace/assets/js/node_modules"]}
[17:27:12.281] Finished typings discovery: {"cachedTypingPaths":[],"newTypingNames":["phoenix","phoenix_html","phoenix_live_view"],"filesToWatch":["/Users/petermelint/Repositories/private/phoenix-on-uberspace/assets/vendor/bower_components","/Users/petermelint/Repositories/private/phoenix-on-uberspace/assets/vendor/node_modules","/Users/petermelint/Repositories/private/phoenix-on-uberspace/assets/js/bower_components","/Users/petermelint/Repositories/private/phoenix-on-uberspace/assets/js/node_modules"]}
[17:27:12.282] DirectoryWatcher:: Added:: WatchInfo: /Users/petermelint/Repositories/private/phoenix-on-uberspace/assets/vendor/bower_components
[17:27:12.282] DirectoryWatcher:: Added:: WatchInfo: /Users/petermelint/Repositories/private/phoenix-on-uberspace/assets/vendor/bower_components 1 undefined Project: /dev/null/inferredProject1* watcher already invoked: false
[17:27:12.283] Elapsed:: 0.587791919708252ms DirectoryWatcher:: Added:: WatchInfo: /Users/petermelint/Repositories/private/phoenix-on-uberspace/assets/vendor/bower_components 1 undefined Project: /dev/null/inferredProject1* watcher already invoked: false
[17:27:12.283] DirectoryWatcher:: Added:: WatchInfo: /Users/petermelint/Repositories/private/phoenix-on-uberspace/assets/vendor/node_modules
[17:27:12.283] DirectoryWatcher:: Added:: WatchInfo: /Users/petermelint/Repositories/private/phoenix-on-uberspace/assets/vendor/node_modules 1 undefined Project: /dev/null/inferredProject1* watcher already invoked: false
[17:27:12.283] Elapsed:: 0.11366605758666992ms DirectoryWatcher:: Added:: WatchInfo: /Users/petermelint/Repositories/private/phoenix-on-uberspace/assets/vendor/node_modules 1 undefined Project: /dev/null/inferredProject1* watcher already invoked: false
[17:27:12.283] DirectoryWatcher:: Added:: WatchInfo: /Users/petermelint/Repositories/private/phoenix-on-uberspace/assets/js/bower_components
[17:27:12.283] DirectoryWatcher:: Added:: WatchInfo: /Users/petermelint/Repositories/private/phoenix-on-uberspace/assets/js/bower_components 1 undefined Project: /dev/null/inferredProject1* watcher already invoked: false
[17:27:12.283] Elapsed:: 0.03575015068054199ms DirectoryWatcher:: Added:: WatchInfo: /Users/petermelint/Repositories/private/phoenix-on-uberspace/assets/js/bower_components 1 undefined Project: /dev/null/inferredProject1* watcher already invoked: false
[17:27:12.283] DirectoryWatcher:: Added:: WatchInfo: /Users/petermelint/Repositories/private/phoenix-on-uberspace/assets/js/node_modules
[17:27:12.283] DirectoryWatcher:: Added:: WatchInfo: /Users/petermelint/Repositories/private/phoenix-on-uberspace/assets/js/node_modules 1 undefined Project: /dev/null/inferredProject1* watcher already invoked: false
[17:27:12.283] Elapsed:: 0.03162503242492676ms DirectoryWatcher:: Added:: WatchInfo: /Users/petermelint/Repositories/private/phoenix-on-uberspace/assets/js/node_modules 1 undefined Project: /dev/null/inferredProject1* watcher already invoked: false
[17:27:12.283] Installing typings ["phoenix","phoenix_html","phoenix_live_view"]
[17:27:12.284] 'phoenix_html':: Entry for package 'phoenix_html' does not exist in local types registry - skipping...
[17:27:12.284] Npm config file: /Users/petermelint/Library/Caches/typescript/4.7/package.json
[17:27:12.284] Sending response:
    {"kind":"event::beginInstallTypes","eventId":1,"typingsInstallerVersion":"4.7.2","projectName":"/dev/null/inferredProject1*"}
[17:27:12.284] Response has been sent.
[17:27:12.284] #1 with arguments'["@types/phoenix@ts4.7","@types/phoenix_live_view@ts4.7"]'.
[17:27:12.284] Exec: /Users/petermelint/.asdf/installs/nodejs/16.11.0/bin/npm install --ignore-scripts @types/phoenix@ts4.7 @types/phoenix_live_view@ts4.7 --save-dev --user-agent="typesInstaller/4.7.2"
[17:27:14.948]     Succeeded. stdout:
    
    added 2 packages, and audited 31 packages in 3s

found 0 vulnerabilities

[17:27:14.948] npm install #1 took: 2664 ms
[17:27:14.948] Installed typings ["@types/phoenix@ts4.7","@types/phoenix_live_view@ts4.7"]
[17:27:14.949] Installed typing files ["/Users/petermelint/Library/Caches/typescript/4.7/node_modules/@types/phoenix/index.d.ts","/Users/petermelint/Library/Caches/typescript/4.7/node_modules/@types/phoenix_live_view/index.d.ts"]
[17:27:14.950] Sending response:
    {"projectName":"/dev/null/inferredProject1*","typeAcquisition":{"enable":true,"include":[],"exclude":[]},"compilerOptions":{"module":1,"target":3,"jsx":1,"allowJs":true,"allowSyntheticDefaultImports":true,"allowNonTsExtensions":true,"noEmitForJsFiles":true,"maxNodeModuleJsDepth":2},"typings":["/Users/petermelint/Library/Caches/typescript/4.7/node_modules/@types/phoenix/index.d.ts","/Users/petermelint/Library/Caches/typescript/4.7/node_modules/@types/phoenix_live_view/index.d.ts"],"unresolvedImports":["phoenix","phoenix_html","phoenix_live_view"],"kind":"action::set"}
[17:27:14.950] Response has been sent.
[17:27:14.950] Sending response:
    {"kind":"event::endInstallTypes","eventId":1,"projectName":"/dev/null/inferredProject1*","packagesToInstall":["@types/phoenix@ts4.7","@types/phoenix_live_view@ts4.7"],"installSuccess":true,"typingsInstallerVersion":"4.7.2"}
[17:27:14.950] Response has been sent.
[17:27:15.345] Got install request {"projectName":"/dev/null/inferredProject1*","fileNames":["/Users/petermelint/.asdf/installs/nodejs/16.11.0/.npm/lib/node_modules/typescript/lib/lib.es5.d.ts","/Users/petermelint/.asdf/installs/nodejs/16.11.0/.npm/lib/node_modules/typescript/lib/lib.es2015.d.ts","/Users/petermelint/.asdf/installs/nodejs/16.11.0/.npm/lib/node_modules/typescript/lib/lib.es2016.d.ts","/Users/petermelint/.asdf/installs/nodejs/16.11.0/.npm/lib/node_modules/typescript/lib/lib.dom.d.ts","/Users/petermelint/.asdf/installs/nodejs/16.11.0/.npm/lib/node_modules/typescript/lib/lib.dom.iterable.d.ts","/Users/petermelint/.asdf/installs/nodejs/16.11.0/.npm/lib/node_modules/typescript/lib/lib.webworker.importscripts.d.ts","/Users/petermelint/.asdf/installs/nodejs/16.11.0/.npm/lib/node_modules/typescript/lib/lib.scripthost.d.ts","/Users/petermelint/.asdf/installs/nodejs/16.11.0/.npm/lib/node_modules/typescript/lib/lib.es2015.core.d.ts","/Users/petermelint/.asdf/installs/nodejs/16.11.0/.npm/lib/node_modules/typescript/lib/lib.es2015.collection.d.ts","/Users/petermelint/.asdf/installs/nodejs/16.11.0/.npm/lib/node_modules/typescript/lib/lib.es2015.generator.d.ts","/Users/petermelint/.asdf/installs/nodejs/16.11.0/.npm/lib/node_modules/typescript/lib/lib.es2015.iterable.d.ts","/Users/petermelint/.asdf/installs/nodejs/16.11.0/.npm/lib/node_modules/typescript/lib/lib.es2015.promise.d.ts","/Users/petermelint/.asdf/installs/nodejs/16.11.0/.npm/lib/node_modules/typescript/lib/lib.es2015.proxy.d.ts","/Users/petermelint/.asdf/installs/nodejs/16.11.0/.npm/lib/node_modules/typescript/lib/lib.es2015.reflect.d.ts","/Users/petermelint/.asdf/installs/nodejs/16.11.0/.npm/lib/node_modules/typescript/lib/lib.es2015.symbol.d.ts","/Users/petermelint/.asdf/installs/nodejs/16.11.0/.npm/lib/node_modules/typescript/lib/lib.es2015.symbol.wellknown.d.ts","/Users/petermelint/.asdf/installs/nodejs/16.11.0/.npm/lib/node_modules/typescript/lib/lib.es2016.array.include.d.ts","/Users/petermelint/.asdf/installs/nodejs/16.11.0/.npm/lib/node_modules/typescript/lib/lib.es2016.full.d.ts","/Users/petermelint/Library/Caches/typescript/4.7/node_modules/@types/phoenix/index.d.ts","/Users/petermelint/Library/Caches/typescript/4.7/node_modules/@types/phoenix_live_view/index.d.ts","/Users/petermelint/Repositories/private/phoenix-on-uberspace/assets/vendor/topbar.js","/Users/petermelint/Repositories/private/phoenix-on-uberspace/assets/js/app.js"],"compilerOptions":{"module":1,"target":3,"jsx":1,"allowJs":true,"allowSyntheticDefaultImports":true,"allowNonTsExtensions":true,"noEmitForJsFiles":true,"maxNodeModuleJsDepth":2},"typeAcquisition":{"enable":true,"include":[],"exclude":[]},"unresolvedImports":["phoenix_html"],"projectRootPath":"/Users/petermelint/Repositories/private/phoenix-on-uberspace/assets/js","kind":"discover"}
[17:27:15.346] Explicitly included types: []
[17:27:15.346] Inferred typings from unresolved imports: ["phoenix_html"]
[17:27:15.346] Result: {"cachedTypingPaths":[],"newTypingNames":["phoenix_html"],"filesToWatch":["/Users/petermelint/Repositories/private/phoenix-on-uberspace/assets/vendor/bower_components","/Users/petermelint/Repositories/private/phoenix-on-uberspace/assets/vendor/node_modules","/Users/petermelint/Repositories/private/phoenix-on-uberspace/assets/js/bower_components","/Users/petermelint/Repositories/private/phoenix-on-uberspace/assets/js/node_modules"]}
[17:27:15.346] Finished typings discovery: {"cachedTypingPaths":[],"newTypingNames":["phoenix_html"],"filesToWatch":["/Users/petermelint/Repositories/private/phoenix-on-uberspace/assets/vendor/bower_components","/Users/petermelint/Repositories/private/phoenix-on-uberspace/assets/vendor/node_modules","/Users/petermelint/Repositories/private/phoenix-on-uberspace/assets/js/bower_components","/Users/petermelint/Repositories/private/phoenix-on-uberspace/assets/js/node_modules"]}
[17:27:15.347] Installing typings ["phoenix_html"]
[17:27:15.347] 'phoenix_html':: Entry for package 'phoenix_html' does not exist in local types registry - skipping...
[17:27:15.347] All typings are known to be missing or invalid - no need to install more typings
[17:27:15.347] Sending response:
    {"projectName":"/dev/null/inferredProject1*","typeAcquisition":{"enable":true,"include":[],"exclude":[]},"compilerOptions":{"module":1,"target":3,"jsx":1,"allowJs":true,"allowSyntheticDefaultImports":true,"allowNonTsExtensions":true,"noEmitForJsFiles":true,"maxNodeModuleJsDepth":2},"typings":[],"unresolvedImports":["phoenix_html"],"kind":"action::set"}
[17:27:15.347] Response has been sent.
[17:27:15.712] Got install request {"projectName":"/dev/null/inferredProject1*","fileNames":["/Users/petermelint/.asdf/installs/nodejs/16.11.0/.npm/lib/node_modules/typescript/lib/lib.es5.d.ts","/Users/petermelint/.asdf/installs/nodejs/16.11.0/.npm/lib/node_modules/typescript/lib/lib.es2015.d.ts","/Users/petermelint/.asdf/installs/nodejs/16.11.0/.npm/lib/node_modules/typescript/lib/lib.es2016.d.ts","/Users/petermelint/.asdf/installs/nodejs/16.11.0/.npm/lib/node_modules/typescript/lib/lib.dom.d.ts","/Users/petermelint/.asdf/installs/nodejs/16.11.0/.npm/lib/node_modules/typescript/lib/lib.dom.iterable.d.ts","/Users/petermelint/.asdf/installs/nodejs/16.11.0/.npm/lib/node_modules/typescript/lib/lib.webworker.importscripts.d.ts","/Users/petermelint/.asdf/installs/nodejs/16.11.0/.npm/lib/node_modules/typescript/lib/lib.scripthost.d.ts","/Users/petermelint/.asdf/installs/nodejs/16.11.0/.npm/lib/node_modules/typescript/lib/lib.es2015.core.d.ts","/Users/petermelint/.asdf/installs/nodejs/16.11.0/.npm/lib/node_modules/typescript/lib/lib.es2015.collection.d.ts","/Users/petermelint/.asdf/installs/nodejs/16.11.0/.npm/lib/node_modules/typescript/lib/lib.es2015.generator.d.ts","/Users/petermelint/.asdf/installs/nodejs/16.11.0/.npm/lib/node_modules/typescript/lib/lib.es2015.iterable.d.ts","/Users/petermelint/.asdf/installs/nodejs/16.11.0/.npm/lib/node_modules/typescript/lib/lib.es2015.promise.d.ts","/Users/petermelint/.asdf/installs/nodejs/16.11.0/.npm/lib/node_modules/typescript/lib/lib.es2015.proxy.d.ts","/Users/petermelint/.asdf/installs/nodejs/16.11.0/.npm/lib/node_modules/typescript/lib/lib.es2015.reflect.d.ts","/Users/petermelint/.asdf/installs/nodejs/16.11.0/.npm/lib/node_modules/typescript/lib/lib.es2015.symbol.d.ts","/Users/petermelint/.asdf/installs/nodejs/16.11.0/.npm/lib/node_modules/typescript/lib/lib.es2015.symbol.wellknown.d.ts","/Users/petermelint/.asdf/installs/nodejs/16.11.0/.npm/lib/node_modules/typescript/lib/lib.es2016.array.include.d.ts","/Users/petermelint/.asdf/installs/nodejs/16.11.0/.npm/lib/node_modules/typescript/lib/lib.es2016.full.d.ts","/Users/petermelint/Repositories/private/phoenix-on-uberspace/assets/vendor/topbar.js","/Users/petermelint/Repositories/private/phoenix-on-uberspace/assets/js/app.js"],"compilerOptions":{"module":1,"target":3,"jsx":1,"allowJs":true,"allowSyntheticDefaultImports":true,"allowNonTsExtensions":true,"noEmitForJsFiles":true,"maxNodeModuleJsDepth":2},"typeAcquisition":{"enable":true,"include":[],"exclude":[]},"unresolvedImports":["phoenix_html"],"projectRootPath":"/Users/petermelint/Repositories/private/phoenix-on-uberspace/assets/js","kind":"discover"}
[17:27:15.712] Explicitly included types: []
[17:27:15.713] Inferred typings from unresolved imports: ["phoenix_html"]
[17:27:15.713] Result: {"cachedTypingPaths":[],"newTypingNames":["phoenix_html"],"filesToWatch":["/Users/petermelint/Repositories/private/phoenix-on-uberspace/assets/vendor/bower_components","/Users/petermelint/Repositories/private/phoenix-on-uberspace/assets/vendor/node_modules","/Users/petermelint/Repositories/private/phoenix-on-uberspace/assets/js/bower_components","/Users/petermelint/Repositories/private/phoenix-on-uberspace/assets/js/node_modules"]}
[17:27:15.713] Finished typings discovery: {"cachedTypingPaths":[],"newTypingNames":["phoenix_html"],"filesToWatch":["/Users/petermelint/Repositories/private/phoenix-on-uberspace/assets/vendor/bower_components","/Users/petermelint/Repositories/private/phoenix-on-uberspace/assets/vendor/node_modules","/Users/petermelint/Repositories/private/phoenix-on-uberspace/assets/js/bower_components","/Users/petermelint/Repositories/private/phoenix-on-uberspace/assets/js/node_modules"]}
[17:27:15.713] Installing typings ["phoenix_html"]
[17:27:15.714] 'phoenix_html':: Entry for package 'phoenix_html' does not exist in local types registry - skipping...
[17:27:15.714] All typings are known to be missing or invalid - no need to install more typings
[17:27:15.714] Sending response:
    {"projectName":"/dev/null/inferredProject1*","typeAcquisition":{"enable":true,"include":[],"exclude":[]},"compilerOptions":{"module":1,"target":3,"jsx":1,"allowJs":true,"allowSyntheticDefaultImports":true,"allowNonTsExtensions":true,"noEmitForJsFiles":true,"maxNodeModuleJsDepth":2},"typings":[],"unresolvedImports":["phoenix_html"],"kind":"action::set"}
[17:27:15.714] Response has been sent.
